<?xml version="1.0" encoding="UTF-8"?>
<testng-results ignored="0" total="1" passed="1" failed="0" skipped="0">
  <reporter-output>
  </reporter-output>
  <suite started-at="2021-09-02T19:55:32 IST" name="Suite" finished-at="2021-09-02T19:55:32 IST" duration-ms="41">
    <groups>
    </groups>
    <test started-at="2021-09-02T19:55:32 IST" name="Test" finished-at="2021-09-02T19:55:32 IST" duration-ms="41">
      <class name="Mavensampleproj.SampleDemo.Practice">
        <test-method signature="job()[pri:0, instance:Mavensampleproj.SampleDemo.Practice@4961f6af]" started-at="2021-09-02T19:55:32 IST" name="job" finished-at="2021-09-02T19:55:32 IST" duration-ms="5" status="PASS">
          <reporter-output>
          </reporter-output>
        </test-method> <!-- job -->
      </class> <!-- Mavensampleproj.SampleDemo.Practice -->
    </test> <!-- Test -->
  </suite> <!-- Suite -->
</testng-results>
